  win32_graphics.cpp
C:\leak\leak\dx12_rasterizer.cpp(106,27): warning C4244: '=': conversion from 'uint64_t' to 'UINT', possible loss of data
  (compiling source file 'win32_graphics.cpp')
  
C:\leak\leak\dx12_rasterizer.cpp(344,31): warning C4244: '=': conversion from 'UINT64' to 'UINT', possible loss of data
  (compiling source file 'win32_graphics.cpp')
  
C:\leak\leak\dx12_rasterizer.cpp(379,27): warning C4018: '<': signed/unsigned mismatch
  (compiling source file 'win32_graphics.cpp')
  
C:\leak\leak\dx12_rasterizer.cpp(397,31): warning C4018: '<': signed/unsigned mismatch
  (compiling source file 'win32_graphics.cpp')
  
C:\leak\leak\dx12_rasterizer.cpp(399,35): warning C4018: '<': signed/unsigned mismatch
  (compiling source file 'win32_graphics.cpp')
  
C:\leak\leak\dx12_rasterizer.cpp(420,35): warning C4018: '<': signed/unsigned mismatch
  (compiling source file 'win32_graphics.cpp')
  
C:\leak\leak\dx12_rasterizer.cpp(744,47): warning C4244: '=': conversion from 'float' to 'UINT', possible loss of data
  (compiling source file 'win32_graphics.cpp')
  
C:\leak\leak\assets.cpp(140,41): warning C4018: '<': signed/unsigned mismatch
  (compiling source file 'win32_graphics.cpp')
  
C:\leak\leak\assets.cpp(158,41): warning C4018: '<': signed/unsigned mismatch
  (compiling source file 'win32_graphics.cpp')
  
C:\leak\leak\assets.cpp(247,37): warning C4018: '<': signed/unsigned mismatch
  (compiling source file 'win32_graphics.cpp')
  
C:\leak\leak\win32_graphics.cpp(139,32): warning C4244: 'initializing': conversion from 'WPARAM' to 'int', possible loss of data
C:\leak\leak\win32_graphics.cpp(355,36): warning C4244: '=': conversion from 'int' to 'FLOAT', possible loss of data
C:\leak\leak\win32_graphics.cpp(356,37): warning C4244: '=': conversion from 'int' to 'FLOAT', possible loss of data
LINK : fatal error LNK1181: cannot open input file 'assimp-vc143-mt.lib'
